<?xml version="1.0" encoding="UTF-8"?>
<coverage generated="1691508435644" clover="3.2.0">
  <project timestamp="1691508435644" name="All files">
    <metrics statements="28" coveredstatements="28" conditionals="21" coveredconditionals="20" methods="3" coveredmethods="3" elements="52" coveredelements="51" complexity="0" loc="28" ncloc="28" packages="1" files="1" classes="1"/>
    <file name="gilded_rose.js" path="C:\Users\LZX\Desktop\js-jest\src\gilded_rose.js">
      <metrics statements="28" coveredstatements="28" conditionals="21" coveredconditionals="20" methods="3" coveredmethods="3"/>
      <line num="3" count="12" type="stmt"/>
      <line num="4" count="12" type="stmt"/>
      <line num="5" count="12" type="stmt"/>
      <line num="11" count="11" type="stmt"/>
      <line num="14" count="11" type="stmt"/>
      <line num="15" count="12" type="cond" truecount="2" falsecount="0"/>
      <line num="16" count="1" type="stmt"/>
      <line num="19" count="11" type="stmt"/>
      <line num="21" count="11" type="cond" truecount="4" falsecount="0"/>
      <line num="22" count="1" type="stmt"/>
      <line num="25" count="10" type="cond" truecount="2" falsecount="0"/>
      <line num="26" count="3" type="stmt"/>
      <line num="27" count="3" type="cond" truecount="2" falsecount="0"/>
      <line num="28" count="1" type="stmt"/>
      <line num="30" count="7" type="cond" truecount="2" falsecount="0"/>
      <line num="31" count="5" type="cond" truecount="2" falsecount="0"/>
      <line num="32" count="1" type="stmt"/>
      <line num="34" count="4" type="stmt"/>
      <line num="35" count="4" type="cond" truecount="2" falsecount="0"/>
      <line num="36" count="3" type="stmt"/>
      <line num="38" count="4" type="cond" truecount="2" falsecount="0"/>
      <line num="39" count="2" type="stmt"/>
      <line num="43" count="2" type="stmt"/>
      <line num="44" count="2" type="cond" truecount="2" falsecount="0"/>
      <line num="45" count="1" type="stmt"/>
      <line num="49" count="10" type="stmt"/>
      <line num="52" count="11" type="stmt"/>
      <line num="56" count="1" type="stmt"/>
    </file>
  </project>
</coverage>
