{"C:\\Users\\LZX\\Desktop\\Gilded-Rose-JS\\src\\gilded_rose.js": {"path":"C:\\Users\\LZX\\Desktop\\Gilded-Rose-JS\\src\\gilded_rose.js","statementMap":{"0":{"start":{"line":3,"column":4},"end":{"line":3,"column":21}},"1":{"start":{"line":4,"column":4},"end":{"line":4,"column":25}},"2":{"start":{"line":5,"column":4},"end":{"line":5,"column":27}},"3":{"start":{"line":11,"column":4},"end":{"line":11,"column":23}},"4":{"start":{"line":14,"column":4},"end":{"line":50,"column":5}},"5":{"start":{"line":14,"column":17},"end":{"line":14,"column":18}},"6":{"start":{"line":15,"column":6},"end":{"line":17,"column":7}},"7":{"start":{"line":16,"column":8},"end":{"line":16,"column":17}},"8":{"start":{"line":19,"column":6},"end":{"line":19,"column":29}},"9":{"start":{"line":21,"column":6},"end":{"line":23,"column":7}},"10":{"start":{"line":22,"column":8},"end":{"line":22,"column":17}},"11":{"start":{"line":25,"column":6},"end":{"line":47,"column":7}},"12":{"start":{"line":26,"column":8},"end":{"line":26,"column":32}},"13":{"start":{"line":27,"column":8},"end":{"line":29,"column":9}},"14":{"start":{"line":28,"column":10},"end":{"line":28,"column":34}},"15":{"start":{"line":30,"column":13},"end":{"line":47,"column":7}},"16":{"start":{"line":31,"column":8},"end":{"line":41,"column":9}},"17":{"start":{"line":32,"column":10},"end":{"line":32,"column":36}},"18":{"start":{"line":34,"column":10},"end":{"line":34,"column":34}},"19":{"start":{"line":35,"column":10},"end":{"line":37,"column":11}},"20":{"start":{"line":36,"column":12},"end":{"line":36,"column":36}},"21":{"start":{"line":38,"column":10},"end":{"line":40,"column":11}},"22":{"start":{"line":39,"column":12},"end":{"line":39,"column":36}},"23":{"start":{"line":43,"column":8},"end":{"line":43,"column":32}},"24":{"start":{"line":44,"column":8},"end":{"line":46,"column":9}},"25":{"start":{"line":45,"column":10},"end":{"line":45,"column":34}},"26":{"start":{"line":49,"column":6},"end":{"line":49,"column":79}},"27":{"start":{"line":52,"column":4},"end":{"line":52,"column":22}},"28":{"start":{"line":56,"column":0},"end":{"line":56,"column":32}}},"fnMap":{"0":{"name":"(anonymous_0)","decl":{"start":{"line":2,"column":2},"end":{"line":2,"column":3}},"loc":{"start":{"line":2,"column":37},"end":{"line":6,"column":3}},"line":2},"1":{"name":"(anonymous_1)","decl":{"start":{"line":10,"column":2},"end":{"line":10,"column":3}},"loc":{"start":{"line":10,"column":26},"end":{"line":12,"column":3}},"line":10},"2":{"name":"(anonymous_2)","decl":{"start":{"line":13,"column":2},"end":{"line":13,"column":3}},"loc":{"start":{"line":13,"column":18},"end":{"line":53,"column":3}},"line":13}},"branchMap":{"0":{"loc":{"start":{"line":10,"column":14},"end":{"line":10,"column":24}},"type":"default-arg","locations":[{"start":{"line":10,"column":22},"end":{"line":10,"column":24}}],"line":10},"1":{"loc":{"start":{"line":15,"column":6},"end":{"line":17,"column":7}},"type":"if","locations":[{"start":{"line":15,"column":6},"end":{"line":17,"column":7}},{"start":{"line":15,"column":6},"end":{"line":17,"column":7}}],"line":15},"2":{"loc":{"start":{"line":21,"column":6},"end":{"line":23,"column":7}},"type":"if","locations":[{"start":{"line":21,"column":6},"end":{"line":23,"column":7}},{"start":{"line":21,"column":6},"end":{"line":23,"column":7}}],"line":21},"3":{"loc":{"start":{"line":21,"column":10},"end":{"line":21,"column":65}},"type":"binary-expr","locations":[{"start":{"line":21,"column":10},"end":{"line":21,"column":35}},{"start":{"line":21,"column":39},"end":{"line":21,"column":65}}],"line":21},"4":{"loc":{"start":{"line":25,"column":6},"end":{"line":47,"column":7}},"type":"if","locations":[{"start":{"line":25,"column":6},"end":{"line":47,"column":7}},{"start":{"line":25,"column":6},"end":{"line":47,"column":7}}],"line":25},"5":{"loc":{"start":{"line":27,"column":8},"end":{"line":29,"column":9}},"type":"if","locations":[{"start":{"line":27,"column":8},"end":{"line":29,"column":9}},{"start":{"line":27,"column":8},"end":{"line":29,"column":9}}],"line":27},"6":{"loc":{"start":{"line":30,"column":13},"end":{"line":47,"column":7}},"type":"if","locations":[{"start":{"line":30,"column":13},"end":{"line":47,"column":7}},{"start":{"line":30,"column":13},"end":{"line":47,"column":7}}],"line":30},"7":{"loc":{"start":{"line":31,"column":8},"end":{"line":41,"column":9}},"type":"if","locations":[{"start":{"line":31,"column":8},"end":{"line":41,"column":9}},{"start":{"line":31,"column":8},"end":{"line":41,"column":9}}],"line":31},"8":{"loc":{"start":{"line":35,"column":10},"end":{"line":37,"column":11}},"type":"if","locations":[{"start":{"line":35,"column":10},"end":{"line":37,"column":11}},{"start":{"line":35,"column":10},"end":{"line":37,"column":11}}],"line":35},"9":{"loc":{"start":{"line":38,"column":10},"end":{"line":40,"column":11}},"type":"if","locations":[{"start":{"line":38,"column":10},"end":{"line":40,"column":11}},{"start":{"line":38,"column":10},"end":{"line":40,"column":11}}],"line":38},"10":{"loc":{"start":{"line":44,"column":8},"end":{"line":46,"column":9}},"type":"if","locations":[{"start":{"line":44,"column":8},"end":{"line":46,"column":9}},{"start":{"line":44,"column":8},"end":{"line":46,"column":9}}],"line":44}},"s":{"0":12,"1":12,"2":12,"3":11,"4":11,"5":11,"6":12,"7":1,"8":11,"9":11,"10":1,"11":10,"12":3,"13":3,"14":1,"15":7,"16":5,"17":1,"18":4,"19":4,"20":3,"21":4,"22":2,"23":2,"24":2,"25":1,"26":10,"27":11,"28":1},"f":{"0":12,"1":11,"2":11},"b":{"0":[0],"1":[1,11],"2":[1,10],"3":[11,10],"4":[3,7],"5":[1,2],"6":[5,2],"7":[1,4],"8":[3,1],"9":[2,2],"10":[1,1]},"_coverageSchema":"43e27e138ebf9cfc5966b082cf9a028302ed4184","hash":"2871125b1701774690430b99ecfe75cce4efa1cc"}
}
