TN:
SF:C:\Users\LZX\Desktop\js-jest\src\gilded_rose.js
FN:2,(anonymous_0)
FN:10,(anonymous_1)
FN:13,(anonymous_2)
FNF:3
FNH:3
FNDA:12,(anonymous_0)
FNDA:11,(anonymous_1)
FNDA:11,(anonymous_2)
DA:3,12
DA:4,12
DA:5,12
DA:11,11
DA:14,11
DA:15,12
DA:16,1
DA:19,11
DA:21,11
DA:22,1
DA:25,10
DA:26,3
DA:27,3
DA:28,1
DA:30,7
DA:31,5
DA:32,1
DA:34,4
DA:35,4
DA:36,3
DA:38,4
DA:39,2
DA:43,2
DA:44,2
DA:45,1
DA:49,10
DA:52,11
DA:56,1
LF:28
LH:28
BRDA:10,0,0,0
BRDA:15,1,0,1
BRDA:15,1,1,11
BRDA:21,2,0,1
BRDA:21,2,1,10
BRDA:21,3,0,11
BRDA:21,3,1,10
BRDA:25,4,0,3
BRDA:25,4,1,7
BRDA:27,5,0,1
BRDA:27,5,1,2
BRDA:30,6,0,5
BRDA:30,6,1,2
BRDA:31,7,0,1
BRDA:31,7,1,4
BRDA:35,8,0,3
BRDA:35,8,1,1
BRDA:38,9,0,2
BRDA:38,9,1,2
BRDA:44,10,0,1
BRDA:44,10,1,1
BRF:21
BRH:20
end_of_record
